<?xml version="1.0" encoding="UTF-8"?>
<!-- Generated by org.testng.reporters.JUnitXMLReporter -->
<testsuite hostname="HW0371" name="Login On Firefox" tests="1" failures="0" timestamp="13 Apr 2016 03:25:24 GMT" time="0.25" errors="0">
  <testcase name="@BeforeClass first" time="0.0" classname="com.act.scripts.ValidateExistingCustomerLoginPage">
    <failure type="java.lang.NoSuchMethodError" message="org.openqa.selenium.remote.service.DriverCommandExecutor.&amp;lt;init&amp;gt;(Lorg/openqa/selenium/remote/service/DriverService;Ljava/util/Map;)V">
      <![CDATA[java.lang.NoSuchMethodError: org.openqa.selenium.remote.service.DriverCommandExecutor.<init>(Lorg/openqa/selenium/remote/service/DriverService;Ljava/util/Map;)V
	at org.openqa.selenium.chrome.ChromeDriverCommandExecutor.<init>(ChromeDriverCommandExecutor.java:40)
	at org.openqa.selenium.chrome.ChromeDriver.<init>(ChromeDriver.java:170)
	at org.openqa.selenium.chrome.ChromeDriver.<init>(ChromeDriver.java:159)
	at org.openqa.selenium.chrome.ChromeDriver.<init>(ChromeDriver.java:116)
	at com.cigniti.accelerators.TestEngine.first(TestEngine.java:106)
... Removed 24 stack frames]]>
    </failure>
  </testcase> <!-- @BeforeClass first -->
  <testcase name="@AfterClass close" time="0.0" classname="com.act.scripts.ValidateExistingCustomerLoginPage">
    <failure type="java.lang.NullPointerException">
      <![CDATA[java.lang.NullPointerException
	at com.cigniti.accelerators.TestEngine.close(TestEngine.java:276)
... Removed 24 stack frames]]>
    </failure>
  </testcase> <!-- @AfterClass close -->
  <testcase name="Validate_ExistingCustomerLoginPage" time="0.0" classname="com.act.scripts.ValidateExistingCustomerLoginPage">
    <skipped/>
  </testcase> <!-- Validate_ExistingCustomerLoginPage -->
</testsuite> <!-- Login On Firefox -->
