<?xml version="1.0" encoding="UTF-8"?>
<!-- Generated by org.testng.reporters.JUnitXMLReporter -->
<testsuite hostname="HW1352" name="Login On Chrome" tests="1" failures="1" timestamp="10 May 2017 10:33:37 GMT" time="30.266" errors="0">
  <testcase name="Volunteers_Navigation" time="24.995" classname="com.act.scripts.NavigatingToVolunteers">
    <failure type="java.lang.AssertionError" message="expected [Register for a Clinical Study | Vince And Associate] but found [Register for a Clinical Study | Vince And Associates]">
      <![CDATA[java.lang.AssertionError: expected [Register for a Clinical Study | Vince And Associate] but found [Register for a Clinical Study | Vince And Associates]
	at com.cigniti.accelerators.ActionEngine.asserTitle(ActionEngine.java:1147)
	at com.act.scripts.NavigatingToVolunteers.Volunteers_Navigation(NavigatingToVolunteers.java:46)
... Removed 29 stack frames]]>
    </failure>
  </testcase> <!-- Volunteers_Navigation -->
</testsuite> <!-- Login On Chrome -->
