<?xml version="1.0" encoding="UTF-8"?>
<testng-results skipped="0" failed="1" total="1" passed="0">
  <reporter-output>
  </reporter-output>
  <suite name="Execution" duration-ms="30266" started-at="2017-05-10T10:33:07Z" finished-at="2017-05-10T10:33:37Z">
    <groups>
    </groups>
    <test name="Login On Chrome" duration-ms="30266" started-at="2017-05-10T10:33:07Z" finished-at="2017-05-10T10:33:37Z">
      <class name="com.act.scripts.NavigatingToVolunteers">
        <test-method status="PASS" signature="first(org.testng.ITestContext)[pri:0, instance:com.act.scripts.NavigatingToVolunteers@2ed0fbae]" name="first" is-config="true" duration-ms="0" started-at="2017-05-10T16:03:07Z" finished-at="2017-05-10T16:03:07Z">
          <params>
            <param index="0">
              <value>
                <![CDATA[org.testng.TestRunner@3a0d172f]]>
              </value>
            </param>
          </params>
          <reporter-output>
          </reporter-output>
        </test-method> <!-- first -->
        <test-method status="PASS" signature="first(org.testng.ITestContext, java.lang.String)[pri:0, instance:com.act.scripts.NavigatingToVolunteers@2ed0fbae]" name="first" is-config="true" duration-ms="4908" started-at="2017-05-10T16:03:07Z" finished-at="2017-05-10T16:03:12Z">
          <params>
            <param index="0">
              <value>
                <![CDATA[org.testng.TestRunner@3a0d172f]]>
              </value>
            </param>
            <param index="1">
              <value>
                <![CDATA[firefox]]>
              </value>
            </param>
          </params>
          <reporter-output>
          </reporter-output>
        </test-method> <!-- first -->
        <test-method status="PASS" signature="reportHeader(java.lang.reflect.Method, org.testng.ITestContext, java.lang.String)[pri:0, instance:com.act.scripts.NavigatingToVolunteers@2ed0fbae]" name="reportHeader" is-config="true" duration-ms="18" started-at="2017-05-10T16:03:12Z" finished-at="2017-05-10T16:03:12Z">
          <params>
            <param index="0">
              <value>
                <![CDATA[public void com.act.scripts.NavigatingToVolunteers.Volunteers_Navigation() throws java.lang.Throwable]]>
              </value>
            </param>
            <param index="1">
              <value>
                <![CDATA[org.testng.TestRunner@3a0d172f]]>
              </value>
            </param>
            <param index="2">
              <value>
                <![CDATA[firefox]]>
              </value>
            </param>
          </params>
          <reporter-output>
          </reporter-output>
        </test-method> <!-- reportHeader -->
        <test-method status="FAIL" signature="Volunteers_Navigation()[pri:0, instance:com.act.scripts.NavigatingToVolunteers@2ed0fbae]" name="Volunteers_Navigation" duration-ms="24995" started-at="2017-05-10T16:03:12Z" finished-at="2017-05-10T16:03:37Z">
          <exception class="java.lang.AssertionError">
            <message>
              <![CDATA[expected [Register for a Clinical Study | Vince And Associate] but found [Register for a Clinical Study | Vince And Associates]]]>
            </message>
            <full-stacktrace>
              <![CDATA[java.lang.AssertionError: expected [Register for a Clinical Study | Vince And Associate] but found [Register for a Clinical Study | Vince And Associates]
	at org.testng.Assert.fail(Assert.java:94)
	at org.testng.Assert.failNotEquals(Assert.java:494)
	at org.testng.Assert.assertEquals(Assert.java:123)
	at org.testng.Assert.assertEquals(Assert.java:176)
	at org.testng.Assert.assertEquals(Assert.java:186)
	at com.cigniti.accelerators.ActionEngine.asserTitle(ActionEngine.java:1147)
	at com.act.scripts.NavigatingToVolunteers.Volunteers_Navigation(NavigatingToVolunteers.java:46)
	at sun.reflect.NativeMethodAccessorImpl.invoke0(Native Method)
	at sun.reflect.NativeMethodAccessorImpl.invoke(Unknown Source)
	at sun.reflect.DelegatingMethodAccessorImpl.invoke(Unknown Source)
	at java.lang.reflect.Method.invoke(Unknown Source)
	at org.testng.internal.MethodInvocationHelper.invokeMethod(MethodInvocationHelper.java:84)
	at org.testng.internal.Invoker.invokeMethod(Invoker.java:714)
	at org.testng.internal.Invoker.invokeTestMethod(Invoker.java:901)
	at org.testng.internal.Invoker.invokeTestMethods(Invoker.java:1231)
	at org.testng.internal.TestMethodWorker.invokeTestMethods(TestMethodWorker.java:127)
	at org.testng.internal.TestMethodWorker.run(TestMethodWorker.java:111)
	at org.testng.TestRunner.privateRun(TestRunner.java:767)
	at org.testng.TestRunner.run(TestRunner.java:617)
	at org.testng.SuiteRunner.runTest(SuiteRunner.java:334)
	at org.testng.SuiteRunner.runSequentially(SuiteRunner.java:329)
	at org.testng.SuiteRunner.privateRun(SuiteRunner.java:291)
	at org.testng.SuiteRunner.run(SuiteRunner.java:240)
	at org.testng.SuiteRunnerWorker.runSuite(SuiteRunnerWorker.java:52)
	at org.testng.SuiteRunnerWorker.run(SuiteRunnerWorker.java:86)
	at org.testng.TestNG.runSuitesSequentially(TestNG.java:1224)
	at org.testng.TestNG.runSuitesLocally(TestNG.java:1149)
	at org.testng.TestNG.run(TestNG.java:1057)
	at org.testng.remote.RemoteTestNG.run(RemoteTestNG.java:111)
	at org.testng.remote.RemoteTestNG.initAndRun(RemoteTestNG.java:204)
	at org.testng.remote.RemoteTestNG.main(RemoteTestNG.java:175)
]]>
            </full-stacktrace>
          </exception> <!-- java.lang.AssertionError -->
          <reporter-output>
          </reporter-output>
        </test-method> <!-- Volunteers_Navigation -->
        <test-method status="PASS" signature="tearDown()[pri:0, instance:com.act.scripts.NavigatingToVolunteers@2ed0fbae]" name="tearDown" is-config="true" duration-ms="15" started-at="2017-05-10T16:03:37Z" finished-at="2017-05-10T16:03:37Z">
          <reporter-output>
          </reporter-output>
        </test-method> <!-- tearDown -->
        <test-method status="PASS" signature="close(java.lang.String)[pri:0, instance:com.act.scripts.NavigatingToVolunteers@2ed0fbae]" name="close" is-config="true" duration-ms="312" started-at="2017-05-10T16:03:37Z" finished-at="2017-05-10T16:03:37Z">
          <params>
            <param index="0">
              <value>
                <![CDATA[firefox]]>
              </value>
            </param>
          </params>
          <reporter-output>
          </reporter-output>
        </test-method> <!-- close -->
        <test-method status="PASS" signature="tearDownFirefox(org.testng.ITestContext, java.lang.String)[pri:0, instance:com.act.scripts.NavigatingToVolunteers@2ed0fbae]" name="tearDownFirefox" is-config="true" duration-ms="31" started-at="2017-05-10T16:03:37Z" finished-at="2017-05-10T16:03:37Z">
          <params>
            <param index="0">
              <value>
                <![CDATA[org.testng.TestRunner@3a0d172f]]>
              </value>
            </param>
            <param index="1">
              <value>
                <![CDATA[firefox]]>
              </value>
            </param>
          </params>
          <reporter-output>
          </reporter-output>
        </test-method> <!-- tearDownFirefox -->
      </class> <!-- com.act.scripts.NavigatingToVolunteers -->
    </test> <!-- Login On Chrome -->
  </suite> <!-- Execution -->
</testng-results>
